[
  {
    "line": 2,
    "elements": [
      {
        "line": 6,
        "name": "",
        "description": "",
        "type": "background",
        "keyword": "Background",
        "steps": [
          {
            "result": {
              "duration": 10194160000,
              "status": "passed"
            },
            "line": 7,
            "name": "As an entity user, I am logged in",
            "match": {
              "location": "step_definitions.ItemsManagmentSteps.as_an_entity_user_i_am_logged_in()"
            },
            "keyword": "Given "
          },
          {
            "result": {
              "duration": 4399939000,
              "status": "passed"
            },
            "line": 8,
            "name": "I navigate to Items tab",
            "match": {
              "location": "step_definitions.ItemsManagmentSteps.i_navigate_to_items_tab()"
            },
            "keyword": "And "
          }
        ]
      },
      {
        "start_timestamp": "2023-04-27T23:13:21.008Z",
        "before": [
          {
            "result": {
              "duration": 5961459000,
              "status": "passed"
            },
            "match": {
              "location": "step_definitions.CommonHooks.setup()"
            }
          }
        ],
        "line": 37,
        "name": "As a user, I am able to create an item or a service",
        "description": "",
        "id": "items-management;as-a-user--i-am-able-to-create-an-item-or-a-service",
        "after": [
          {
            "result": {
              "error_message": "org.openqa.selenium.NoSuchWindowException: no such window: target window already closed\nfrom unknown error: web view not found\n  (Session info: chrome\u003d112.0.5615.137)\nBuild info: version: \u00273.141.59\u0027, revision: \u0027e82be7d358\u0027, time: \u00272018-11-14T08:17:03\u0027\nSystem info: host: \u0027Sammers-Mac-mini.local\u0027, ip: \u0027127.0.0.1\u0027, os.name: \u0027Mac OS X\u0027, os.arch: \u0027x86_64\u0027, os.version: \u002713.2.1\u0027, java.version: \u002717.0.5\u0027\nDriver info: org.openqa.selenium.chrome.ChromeDriver\nCapabilities {acceptInsecureCerts: false, browserName: chrome, browserVersion: 112.0.5615.137, chrome: {chromedriverVersion: 112.0.5615.49 (bd2a7bcb881c..., userDataDir: /var/folders/h0/vkg6fx614pn...}, goog:chromeOptions: {debuggerAddress: localhost:52425}, javascriptEnabled: true, networkConnectionEnabled: false, pageLoadStrategy: normal, platform: MAC, platformName: MAC, proxy: Proxy(), setWindowRect: true, strictFileInteractability: false, timeouts: {implicit: 0, pageLoad: 300000, script: 30000}, unhandledPromptBehavior: dismiss and notify, webauthn:extension:credBlob: true, webauthn:extension:largeBlob: true, webauthn:extension:minPinLength: true, webauthn:extension:prf: true, webauthn:virtualAuthenticators: true}\nSession ID: b5fb9449a7c0e5676062ba4b8fa8861c\n\tat java.base/jdk.internal.reflect.NativeConstructorAccessorImpl.newInstance0(Native Method)\n\tat java.base/jdk.internal.reflect.NativeConstructorAccessorImpl.newInstance(NativeConstructorAccessorImpl.java:77)\n\tat java.base/jdk.internal.reflect.DelegatingConstructorAccessorImpl.newInstance(DelegatingConstructorAccessorImpl.java:45)\n\tat java.base/java.lang.reflect.Constructor.newInstanceWithCaller(Constructor.java:499)\n\tat java.base/java.lang.reflect.Constructor.newInstance(Constructor.java:480)\n\tat org.openqa.selenium.remote.http.W3CHttpResponseCodec.createException(W3CHttpResponseCodec.java:187)\n\tat org.openqa.selenium.remote.http.W3CHttpResponseCodec.decode(W3CHttpResponseCodec.java:122)\n\tat org.openqa.selenium.remote.http.W3CHttpResponseCodec.decode(W3CHttpResponseCodec.java:49)\n\tat org.openqa.selenium.remote.HttpCommandExecutor.execute(HttpCommandExecutor.java:158)\n\tat org.openqa.selenium.remote.service.DriverCommandExecutor.execute(DriverCommandExecutor.java:83)\n\tat org.openqa.selenium.remote.RemoteWebDriver.execute(RemoteWebDriver.java:552)\n\tat org.openqa.selenium.remote.RemoteWebDriver.execute(RemoteWebDriver.java:609)\n\tat org.openqa.selenium.remote.RemoteWebDriver.getScreenshotAs(RemoteWebDriver.java:295)\n\tat step_definitions.CommonHooks.teardown(CommonHooks.java:30)\n",
              "duration": 17121000,
              "status": "failed"
            },
            "match": {
              "location": "step_definitions.CommonHooks.teardown(io.cucumber.java.Scenario)"
            }
          }
        ],
        "type": "scenario",
        "keyword": "Scenario",
        "steps": [
          {
            "result": {
              "duration": 61847000,
              "status": "passed"
            },
            "line": 38,
            "name": "I click on the Add Item button",
            "match": {
              "location": "step_definitions.ItemsManagmentSteps.i_click_on_the_add_item_button()"
            },
            "keyword": "When "
          },
          {
            "result": {
              "duration": 579073000,
              "status": "passed"
            },
            "line": 39,
            "name": "I should be on item input page",
            "match": {
              "location": "step_definitions.ItemsManagmentSteps.i_should_be_on_item_input_page()"
            },
            "keyword": "Then "
          },
          {
            "result": {
              "duration": 2642386000,
              "status": "passed"
            },
            "line": 40,
            "name": "I provide item information to the fields",
            "match": {
              "location": "step_definitions.ItemsManagmentSteps.i_provide_item_information_to_the_fields(io.cucumber.datatable.DataTable)"
            },
            "rows": [
              {
                "cells": [
                  "MacBook Pro",
                  "180000",
                  "box",
                  "a good thing"
                ]
              }
            ],
            "keyword": "When "
          },
          {
            "result": {
              "error_message": "org.openqa.selenium.NoSuchElementException: no such element: Unable to locate element: {\"method\":\"xpath\",\"selector\":\"//button[text()\u003d\u0027 Update Item\u0027]\"}\n  (Session info: chrome\u003d112.0.5615.137)\nFor documentation on this error, please visit: https://www.seleniumhq.org/exceptions/no_such_element.html\nBuild info: version: \u00273.141.59\u0027, revision: \u0027e82be7d358\u0027, time: \u00272018-11-14T08:17:03\u0027\nSystem info: host: \u0027Sammers-Mac-mini.local\u0027, ip: \u0027127.0.0.1\u0027, os.name: \u0027Mac OS X\u0027, os.arch: \u0027x86_64\u0027, os.version: \u002713.2.1\u0027, java.version: \u002717.0.5\u0027\nDriver info: org.openqa.selenium.chrome.ChromeDriver\nCapabilities {acceptInsecureCerts: false, browserName: chrome, browserVersion: 112.0.5615.137, chrome: {chromedriverVersion: 112.0.5615.49 (bd2a7bcb881c..., userDataDir: /var/folders/h0/vkg6fx614pn...}, goog:chromeOptions: {debuggerAddress: localhost:52425}, javascriptEnabled: true, networkConnectionEnabled: false, pageLoadStrategy: normal, platform: MAC, platformName: MAC, proxy: Proxy(), setWindowRect: true, strictFileInteractability: false, timeouts: {implicit: 0, pageLoad: 300000, script: 30000}, unhandledPromptBehavior: dismiss and notify, webauthn:extension:credBlob: true, webauthn:extension:largeBlob: true, webauthn:extension:minPinLength: true, webauthn:extension:prf: true, webauthn:virtualAuthenticators: true}\nSession ID: b5fb9449a7c0e5676062ba4b8fa8861c\n*** Element info: {Using\u003dxpath, value\u003d//button[text()\u003d\u0027 Update Item\u0027]}\n\tat java.base/jdk.internal.reflect.NativeConstructorAccessorImpl.newInstance0(Native Method)\n\tat java.base/jdk.internal.reflect.NativeConstructorAccessorImpl.newInstance(NativeConstructorAccessorImpl.java:77)\n\tat java.base/jdk.internal.reflect.DelegatingConstructorAccessorImpl.newInstance(DelegatingConstructorAccessorImpl.java:45)\n\tat java.base/java.lang.reflect.Constructor.newInstanceWithCaller(Constructor.java:499)\n\tat java.base/java.lang.reflect.Constructor.newInstance(Constructor.java:480)\n\tat org.openqa.selenium.remote.http.W3CHttpResponseCodec.createException(W3CHttpResponseCodec.java:187)\n\tat org.openqa.selenium.remote.http.W3CHttpResponseCodec.decode(W3CHttpResponseCodec.java:122)\n\tat org.openqa.selenium.remote.http.W3CHttpResponseCodec.decode(W3CHttpResponseCodec.java:49)\n\tat org.openqa.selenium.remote.HttpCommandExecutor.execute(HttpCommandExecutor.java:158)\n\tat org.openqa.selenium.remote.service.DriverCommandExecutor.execute(DriverCommandExecutor.java:83)\n\tat org.openqa.selenium.remote.RemoteWebDriver.execute(RemoteWebDriver.java:552)\n\tat org.openqa.selenium.remote.RemoteWebDriver.findElement(RemoteWebDriver.java:323)\n\tat org.openqa.selenium.remote.RemoteWebDriver.findElementByXPath(RemoteWebDriver.java:428)\n\tat org.openqa.selenium.By$ByXPath.findElement(By.java:353)\n\tat org.openqa.selenium.remote.RemoteWebDriver.findElement(RemoteWebDriver.java:315)\n\tat org.openqa.selenium.support.pagefactory.DefaultElementLocator.findElement(DefaultElementLocator.java:69)\n\tat org.openqa.selenium.support.pagefactory.internal.LocatingElementHandler.invoke(LocatingElementHandler.java:38)\n\tat jdk.proxy2/jdk.proxy2.$Proxy19.click(Unknown Source)\n\tat step_definitions.ItemsManagmentSteps.i_click_update_item_button(ItemsManagmentSteps.java:96)\n\tat âœ½.I click Update Item button(file:///Users/sammerodiesh/eclipse-workspace/firstCucumberProject/./src/test/resources/features/itemsMangements.feature:42)\n",
              "duration": 5254221000,
              "status": "failed"
            },
            "line": 42,
            "name": "I click Update Item button",
            "match": {
              "location": "step_definitions.ItemsManagmentSteps.i_click_update_item_button()"
            },
            "keyword": "And "
          },
          {
            "result": {
              "duration": 4715000,
              "status": "skipped"
            },
            "line": 43,
            "name": "The Item is added to the Item list table",
            "match": {
              "location": "step_definitions.ItemsManagmentSteps.the_item_is_added_to_the_item_list_table()"
            },
            "keyword": "Then "
          }
        ],
        "tags": [
          {
            "name": "@regression"
          },
          {
            "name": "@itemsTests"
          },
          {
            "name": "@createItemWithDataTable"
          },
          {
            "name": "@smoketest"
          }
        ]
      }
    ],
    "name": "Items Management",
    "description": "",
    "id": "items-management",
    "keyword": "Feature",
    "uri": "file:src/test/resources/features/itemsMangements.feature",
    "tags": [
      {
        "name": "@regression",
        "type": "Tag",
        "location": {
          "line": 1,
          "column": 1
        }
      },
      {
        "name": "@itemsTests",
        "type": "Tag",
        "location": {
          "line": 1,
          "column": 13
        }
      }
    ]
  }
]